<?xml version="1.0" encoding="UTF-8"?>
<!-- Generated by org.testng.reporters.JUnitXMLReporter -->
<testsuite ignored="0" hostname="DESKTOP-OLMI7T4" failures="0" tests="4" name="Default test" time="19.508" errors="0" timestamp="2024-03-22T17:39:42 WAT">
  <testcase classname="Test.TestChasescroll" name="validateName" time="0.11"/>
  <testcase classname="Test.TestChasescroll" name="ValidePageTitle" time="0.025"/>
  <testcase classname="Test.TestChasescroll" name="loginTest" time="0.482"/>
  <testcase classname="Test.TestChasescroll" name="verifyurl" time="3.312"/>
</testsuite> <!-- Default test -->
