<?xml version="1.0" encoding="UTF-8"?>
<!-- Generated by org.testng.reporters.JUnitXMLReporter -->
<testsuite ignored="0" hostname="DESKTOP-OLMI7T4" failures="0" tests="3" name="Test" time="34.607" errors="0" timestamp="2024-03-21T18:17:15 WAT">
  <testcase classname="test.OrangeHRMTest" name="loginPageTest" time="1.081"/>
  <testcase classname="test.OrangeHRMTest" name="verifyForgotPassword" time="0.468"/>
  <testcase classname="test.OrangeHRMTest" name="loginTest" time="4.1"/>
</testsuite> <!-- Test -->
