<?xml version="1.0" encoding="UTF-8"?>
<testng-results ignored="0" total="3" passed="3" failed="0" skipped="0">
  <reporter-output>
  </reporter-output>
  <suite started-at="2024-03-19T16:18:50 WAT" name="Suite" finished-at="2024-03-19T16:19:02 WAT" duration-ms="11563">
    <groups>
    </groups>
    <test started-at="2024-03-19T16:18:50 WAT" name="Test" finished-at="2024-03-19T16:19:02 WAT" duration-ms="11563">
      <class name="test.GoogleTest">
        <test-method is-config="true" signature="build()[pri:0, instance:test.GoogleTest@2a62b5bc]" started-at="2024-03-19T16:18:50 WAT" name="build" finished-at="2024-03-19T16:19:01 WAT" duration-ms="10778" status="PASS">
          <reporter-output>
          </reporter-output>
        </test-method> <!-- build -->
        <test-method signature="firstTest()[pri:1, instance:test.GoogleTest@2a62b5bc]" started-at="2024-03-19T16:19:01 WAT" name="firstTest" finished-at="2024-03-19T16:19:01 WAT" duration-ms="52" status="PASS">
          <reporter-output>
          </reporter-output>
        </test-method> <!-- firstTest -->
        <test-method signature="SecondTest()[pri:2, instance:test.GoogleTest@2a62b5bc]" started-at="2024-03-19T16:19:01 WAT" name="SecondTest" finished-at="2024-03-19T16:19:01 WAT" duration-ms="101" status="PASS">
          <reporter-output>
          </reporter-output>
        </test-method> <!-- SecondTest -->
        <test-method signature="thirdTest()[pri:3, instance:test.GoogleTest@2a62b5bc]" started-at="2024-03-19T16:19:01 WAT" name="thirdTest" finished-at="2024-03-19T16:19:01 WAT" duration-ms="57" status="PASS">
          <reporter-output>
          </reporter-output>
        </test-method> <!-- thirdTest -->
        <test-method is-config="true" signature="tearDown()[pri:0, instance:test.GoogleTest@2a62b5bc]" started-at="2024-03-19T16:19:01 WAT" name="tearDown" finished-at="2024-03-19T16:19:02 WAT" duration-ms="472" status="PASS">
          <reporter-output>
          </reporter-output>
        </test-method> <!-- tearDown -->
      </class> <!-- test.GoogleTest -->
    </test> <!-- Test -->
  </suite> <!-- Suite -->
</testng-results>
